<?xml version="1.0" encoding="UTF-8"?>
<testsuites>
  <testsuite name="MyTests" tests="1" assertions="1" failures="0" errors="0" time="0.008001">
    <testsuite name="TestLandingPage" file="C:\wamp\www\jenkins\tests\MyTests\TestLandingPage.php" tests="1" assertions="1" failures="0" errors="0" time="0.008001">
      <testcase name="can_return_secret_of_the_universe" class="TestLandingPage" file="C:\wamp\www\jenkins\tests\MyTests\TestLandingPage.php" line="8" assertions="1" time="0.008001"/>
    </testsuite>
  </testsuite>
</testsuites>
